<?xml version="1.0" encoding="UTF-8"?>
<testng-results skipped="1" failed="0" total="1" passed="0">
    <reporter-output>
        <line>
            <![CDATA[2017-01-29 14:32:46,129 [main] INFO  (Application.java:47)  - Reading properties file ./conf/application.properties
]]>
        </line>
        <line>
            <![CDATA[2017-01-29 14:32:46,736 [Forwarding newSession on session null to remote] DEBUG (RequestAddCookies.java:122)  - CookieSpec selected: default
]]>
        </line>
        <line>
            <![CDATA[2017-01-29 14:32:46,746 [Forwarding newSession on session null to remote] DEBUG (RequestAuthCache.java:76)  - Auth cache not set in the context
]]>
        </line>
        <line>
            <![CDATA[2017-01-29 14:32:46,748 [Forwarding newSession on session null to remote] DEBUG (PoolingHttpClientConnectionManager.java:249)  - Connection request: [route: {}->http://127.0.0.1:4723][total kept alive: 0; route allocated: 0 of 2000; total allocated: 0 of 2000]
]]>
        </line>
        <line>
            <![CDATA[2017-01-29 14:32:46,760 [Forwarding newSession on session null to remote] DEBUG (PoolingHttpClientConnectionManager.java:282)  - Connection leased: [id: 0][route: {}->http://127.0.0.1:4723][total kept alive: 0; route allocated: 1 of 2000; total allocated: 1 of 2000]
]]>
        </line>
        <line>
            <![CDATA[2017-01-29 14:32:46,762 [Forwarding newSession on session null to remote] DEBUG (MainClientExec.java:234)  - Opening connection {}->http://127.0.0.1:4723
]]>
        </line>
        <line>
            <![CDATA[2017-01-29 14:32:46,766 [Forwarding newSession on session null to remote] DEBUG (DefaultHttpClientConnectionOperator.java:138)  - Connecting to /127.0.0.1:4723
]]>
        </line>
        <line>
            <![CDATA[2017-01-29 14:32:46,767 [Forwarding newSession on session null to remote] DEBUG (DefaultHttpClientConnectionOperator.java:145)  - Connection established 127.0.0.1:63474<->127.0.0.1:4723
]]>
        </line>
        <line>
            <![CDATA[2017-01-29 14:32:46,768 [Forwarding newSession on session null to remote] DEBUG (LoggingManagedHttpClientConnection.java:90)  - http-outgoing-0: set socket timeout to 10800000
]]>
        </line>
        <line>
            <![CDATA[2017-01-29 14:32:46,768 [Forwarding newSession on session null to remote] DEBUG (MainClientExec.java:255)  - Executing request POST /wd/hub/session HTTP/1.1
]]>
        </line>
        <line>
            <![CDATA[2017-01-29 14:32:46,768 [Forwarding newSession on session null to remote] DEBUG (MainClientExec.java:260)  - Target auth state: UNCHALLENGED
]]>
        </line>
        <line>
            <![CDATA[2017-01-29 14:32:46,769 [Forwarding newSession on session null to remote] DEBUG (MainClientExec.java:266)  - Proxy auth state: UNCHALLENGED
]]>
        </line>
        <line>
            <![CDATA[2017-01-29 14:32:46,772 [Forwarding newSession on session null to remote] DEBUG (LoggingManagedHttpClientConnection.java:135)  - http-outgoing-0 >> POST /wd/hub/session HTTP/1.1
]]>
        </line>
        <line>
            <![CDATA[2017-01-29 14:32:46,773 [Forwarding newSession on session null to remote] DEBUG (LoggingManagedHttpClientConnection.java:138)  - http-outgoing-0 >> Content-Type: application/json; charset=utf-8
]]>
        </line>
        <line>
            <![CDATA[2017-01-29 14:32:46,774 [Forwarding newSession on session null to remote] DEBUG (LoggingManagedHttpClientConnection.java:138)  - http-outgoing-0 >> Content-Length: 144
]]>
        </line>
        <line>
            <![CDATA[2017-01-29 14:32:46,774 [Forwarding newSession on session null to remote] DEBUG (LoggingManagedHttpClientConnection.java:138)  - http-outgoing-0 >> Host: 127.0.0.1:4723
]]>
        </line>
        <line>
            <![CDATA[2017-01-29 14:32:46,775 [Forwarding newSession on session null to remote] DEBUG (LoggingManagedHttpClientConnection.java:138)  - http-outgoing-0 >> Connection: Keep-Alive
]]>
        </line>
        <line>
            <![CDATA[2017-01-29 14:32:46,776 [Forwarding newSession on session null to remote] DEBUG (LoggingManagedHttpClientConnection.java:138)  - http-outgoing-0 >> User-Agent: Apache-HttpClient/4.5.2 (Java/1.8.0_111)
]]>
        </line>
        <line>
            <![CDATA[2017-01-29 14:32:46,776 [Forwarding newSession on session null to remote] DEBUG (LoggingManagedHttpClientConnection.java:138)  - http-outgoing-0 >> Accept-Encoding: gzip,deflate
]]>
        </line>
        <line>
            <![CDATA[2017-01-29 14:32:46,777 [Forwarding newSession on session null to remote] DEBUG (Wire.java:72)  - http-outgoing-0 >> "POST /wd/hub/session HTTP/1.1[\r][\n]"
]]>
        </line>
        <line>
            <![CDATA[2017-01-29 14:32:46,777 [Forwarding newSession on session null to remote] DEBUG (Wire.java:72)  - http-outgoing-0 >> "Content-Type: application/json; charset=utf-8[\r][\n]"
]]>
        </line>
        <line>
            <![CDATA[2017-01-29 14:32:46,777 [Forwarding newSession on session null to remote] DEBUG (Wire.java:72)  - http-outgoing-0 >> "Content-Length: 144[\r][\n]"
]]>
        </line>
        <line>
            <![CDATA[2017-01-29 14:32:46,777 [Forwarding newSession on session null to remote] DEBUG (Wire.java:72)  - http-outgoing-0 >> "Host: 127.0.0.1:4723[\r][\n]"
]]>
        </line>
        <line>
            <![CDATA[2017-01-29 14:32:46,778 [Forwarding newSession on session null to remote] DEBUG (Wire.java:72)  - http-outgoing-0 >> "Connection: Keep-Alive[\r][\n]"
]]>
        </line>
        <line>
            <![CDATA[2017-01-29 14:32:46,778 [Forwarding newSession on session null to remote] DEBUG (Wire.java:72)  - http-outgoing-0 >> "User-Agent: Apache-HttpClient/4.5.2 (Java/1.8.0_111)[\r][\n]"
]]>
        </line>
        <line>
            <![CDATA[2017-01-29 14:32:46,778 [Forwarding newSession on session null to remote] DEBUG (Wire.java:72)  - http-outgoing-0 >> "Accept-Encoding: gzip,deflate[\r][\n]"
]]>
        </line>
        <line>
            <![CDATA[2017-01-29 14:32:46,779 [Forwarding newSession on session null to remote] DEBUG (Wire.java:72)  - http-outgoing-0 >> "[\r][\n]"
]]>
        </line>
        <line>
            <![CDATA[2017-01-29 14:32:46,779 [Forwarding newSession on session null to remote] DEBUG (Wire.java:86)  - http-outgoing-0 >> "{"desiredCapabilities":{"browserName":"chrome","platformName":"Android","version":"6.0.1","deviceName":"1115fb45a8c01303","platform":"ANDROID"}}"
]]>
        </line>
        <line>
            <![CDATA[2017-01-29 14:33:38,233 [Forwarding newSession on session null to remote] DEBUG (Wire.java:86)  - http-outgoing-0 << "end of stream"
]]>
        </line>
        <line>
            <![CDATA[2017-01-29 14:33:38,234 [Forwarding newSession on session null to remote] DEBUG (LoggingManagedHttpClientConnection.java:81)  - http-outgoing-0: Close connection
]]>
        </line>
        <line>
            <![CDATA[2017-01-29 14:33:38,235 [Forwarding newSession on session null to remote] DEBUG (LoggingManagedHttpClientConnection.java:98)  - http-outgoing-0: Shutdown connection
]]>
        </line>
        <line>
            <![CDATA[2017-01-29 14:33:38,235 [Forwarding newSession on session null to remote] DEBUG (ConnectionHolder.java:128)  - Connection discarded
]]>
        </line>
        <line>
            <![CDATA[2017-01-29 14:33:38,235 [Forwarding newSession on session null to remote] DEBUG (PoolingHttpClientConnectionManager.java:320)  - Connection released: [id: 0][route: {}->http://127.0.0.1:4723][total kept alive: 0; route allocated: 0 of 2000; total allocated: 0 of 2000]
]]>
        </line>
        <line>
            <![CDATA[2017-01-29 14:33:40,240 [Forwarding newSession on session null to remote] DEBUG (RequestAddCookies.java:122)  - CookieSpec selected: default
]]>
        </line>
        <line>
            <![CDATA[2017-01-29 14:33:40,240 [Forwarding newSession on session null to remote] DEBUG (RequestAuthCache.java:76)  - Auth cache not set in the context
]]>
        </line>
        <line>
            <![CDATA[2017-01-29 14:33:40,241 [Forwarding newSession on session null to remote] DEBUG (PoolingHttpClientConnectionManager.java:249)  - Connection request: [route: {}->http://127.0.0.1:4723][total kept alive: 0; route allocated: 0 of 2000; total allocated: 0 of 2000]
]]>
        </line>
        <line>
            <![CDATA[2017-01-29 14:33:40,241 [Forwarding newSession on session null to remote] DEBUG (PoolingHttpClientConnectionManager.java:282)  - Connection leased: [id: 1][route: {}->http://127.0.0.1:4723][total kept alive: 0; route allocated: 1 of 2000; total allocated: 1 of 2000]
]]>
        </line>
        <line>
            <![CDATA[2017-01-29 14:33:40,241 [Forwarding newSession on session null to remote] DEBUG (MainClientExec.java:234)  - Opening connection {}->http://127.0.0.1:4723
]]>
        </line>
        <line>
            <![CDATA[2017-01-29 14:33:40,241 [Forwarding newSession on session null to remote] DEBUG (DefaultHttpClientConnectionOperator.java:138)  - Connecting to /127.0.0.1:4723
]]>
        </line>
        <line>
            <![CDATA[2017-01-29 14:33:40,242 [Forwarding newSession on session null to remote] DEBUG (LoggingManagedHttpClientConnection.java:98)  - http-outgoing-1: Shutdown connection
]]>
        </line>
        <line>
            <![CDATA[2017-01-29 14:33:40,242 [Forwarding newSession on session null to remote] DEBUG (ConnectionHolder.java:128)  - Connection discarded
]]>
        </line>
        <line>
            <![CDATA[2017-01-29 14:33:40,242 [Forwarding newSession on session null to remote] DEBUG (PoolingHttpClientConnectionManager.java:320)  - Connection released: [id: 1][route: {}->http://127.0.0.1:4723][total kept alive: 0; route allocated: 0 of 2000; total allocated: 0 of 2000]
]]>
        </line>
    </reporter-output>
    <suite name="Default suite" duration-ms="127" started-at="2017-01-29T19:33:40Z" finished-at="2017-01-29T19:33:40Z">
        <groups>
        </groups>
        <test name="Default test" duration-ms="127" started-at="2017-01-29T19:33:40Z"
              finished-at="2017-01-29T19:33:40Z">
            <class name="com.peoplematter.tests.LoginTest">
                <test-method status="FAIL"
                             signature="setup()[pri:0, instance:com.peoplematter.tests.LoginTest@4de5031f]" name="setup"
                             is-config="true" duration-ms="0" started-at="2017-01-29T14:32:46Z"
                             finished-at="2017-01-29T14:32:46Z">
                    <exception class="org.openqa.selenium.remote.UnreachableBrowserException">
                        <message>
                            <![CDATA[Could not start a new session. Possible causes are invalid address of the remote server or browser start-up failure.
Build info: version: '2.53.1', revision: 'a36b8b1cd5757287168e54b817830adce9b0158d', time: '2016-06-30 19:26:09'
System info: host: 'sboju-53', ip: '10.12.48.165', os.name: 'Mac OS X', os.arch: 'x86_64', os.version: '10.12.3', java.version: '1.8.0_111'
Driver info: driver.version: AndroidDriver]]>
                        </message>
                        <full-stacktrace>
                            <![CDATA[org.openqa.selenium.remote.UnreachableBrowserException: Could not start a new session. Possible causes are invalid address of the remote server or browser start-up failure.
Build info: version: '2.53.1', revision: 'a36b8b1cd5757287168e54b817830adce9b0158d', time: '2016-06-30 19:26:09'
System info: host: 'sboju-53', ip: '10.12.48.165', os.name: 'Mac OS X', os.arch: 'x86_64', os.version: '10.12.3', java.version: '1.8.0_111'
Driver info: driver.version: AndroidDriver
	at org.openqa.selenium.remote.RemoteWebDriver.execute(RemoteWebDriver.java:665)
	at io.appium.java_client.DefaultGenericMobileDriver.execute(DefaultGenericMobileDriver.java:40)
	at io.appium.java_client.AppiumDriver.execute(AppiumDriver.java:1)
	at io.appium.java_client.android.AndroidDriver.execute(AndroidDriver.java:1)
	at org.openqa.selenium.remote.RemoteWebDriver.startSession(RemoteWebDriver.java:249)
	at org.openqa.selenium.remote.RemoteWebDriver.<init>(RemoteWebDriver.java:131)
	at org.openqa.selenium.remote.RemoteWebDriver.<init>(RemoteWebDriver.java:144)
	at io.appium.java_client.DefaultGenericMobileDriver.<init>(DefaultGenericMobileDriver.java:36)
	at io.appium.java_client.AppiumDriver.<init>(AppiumDriver.java:114)
	at io.appium.java_client.AppiumDriver.<init>(AppiumDriver.java:132)
	at io.appium.java_client.android.AndroidDriver.<init>(AndroidDriver.java:92)
	at com.peoplematter.core.Application.initWebAndroidDriver(Application.java:145)
	at com.peoplematter.BaseTest.setup(BaseTest.java:23)
	at sun.reflect.NativeMethodAccessorImpl.invoke0(Native Method)
	at sun.reflect.NativeMethodAccessorImpl.invoke(NativeMethodAccessorImpl.java:62)
	at sun.reflect.DelegatingMethodAccessorImpl.invoke(DelegatingMethodAccessorImpl.java:43)
	at java.lang.reflect.Method.invoke(Method.java:498)
	at org.testng.internal.MethodInvocationHelper.invokeMethod(MethodInvocationHelper.java:84)
	at org.testng.internal.Invoker.invokeConfigurationMethod(Invoker.java:564)
	at org.testng.internal.Invoker.invokeConfigurations(Invoker.java:213)
	at org.testng.internal.Invoker.invokeConfigurations(Invoker.java:138)
	at org.testng.SuiteRunner.privateRun(SuiteRunner.java:291)
	at org.testng.SuiteRunner.run(SuiteRunner.java:254)
	at org.testng.SuiteRunnerWorker.runSuite(SuiteRunnerWorker.java:52)
	at org.testng.SuiteRunnerWorker.run(SuiteRunnerWorker.java:86)
	at org.testng.TestNG.runSuitesSequentially(TestNG.java:1224)
	at org.testng.TestNG.runSuitesLocally(TestNG.java:1149)
	at org.testng.TestNG.run(TestNG.java:1057)
	at org.testng.remote.AbstractRemoteTestNG.run(AbstractRemoteTestNG.java:132)
	at org.testng.remote.RemoteTestNG.initAndRun(RemoteTestNG.java:236)
	at org.testng.remote.RemoteTestNG.main(RemoteTestNG.java:81)
Caused by: org.openqa.selenium.WebDriverException: org.apache.http.conn.HttpHostConnectException: Connect to 127.0.0.1:4723 [/127.0.0.1] failed: Connection refused (Connection refused)
Build info: version: '2.53.1', revision: 'a36b8b1cd5757287168e54b817830adce9b0158d', time: '2016-06-30 19:26:09'
System info: host: 'sboju-53', ip: '10.12.48.165', os.name: 'Mac OS X', os.arch: 'x86_64', os.version: '10.12.3', java.version: '1.8.0_111'
Driver info: driver.version: AndroidDriver
	at io.appium.java_client.remote.AppiumCommandExecutor.execute(AppiumCommandExecutor.java:84)
	at org.openqa.selenium.remote.RemoteWebDriver.execute(RemoteWebDriver.java:644)
	... 30 more
Caused by: org.apache.http.conn.HttpHostConnectException: Connect to 127.0.0.1:4723 [/127.0.0.1] failed: Connection refused (Connection refused)
	at org.apache.http.impl.conn.DefaultHttpClientConnectionOperator.connect(DefaultHttpClientConnectionOperator.java:158)
	at org.apache.http.impl.conn.PoolingHttpClientConnectionManager.connect(PoolingHttpClientConnectionManager.java:353)
	at org.apache.http.impl.execchain.MainClientExec.establishRoute(MainClientExec.java:380)
	at org.apache.http.impl.execchain.MainClientExec.execute(MainClientExec.java:236)
	at org.apache.http.impl.execchain.ProtocolExec.execute(ProtocolExec.java:184)
	at org.apache.http.impl.execchain.RetryExec.execute(RetryExec.java:88)
	at org.apache.http.impl.execchain.RedirectExec.execute(RedirectExec.java:110)
	at org.apache.http.impl.client.InternalHttpClient.doExecute(InternalHttpClient.java:184)
	at org.apache.http.impl.client.CloseableHttpClient.execute(CloseableHttpClient.java:71)
	at org.apache.http.impl.client.CloseableHttpClient.execute(CloseableHttpClient.java:55)
	at org.openqa.selenium.remote.internal.ApacheHttpClient.fallBackExecute(ApacheHttpClient.java:162)
	at org.openqa.selenium.remote.internal.ApacheHttpClient.execute(ApacheHttpClient.java:90)
	at org.openqa.selenium.remote.HttpCommandExecutor.execute(HttpCommandExecutor.java:142)
	at io.appium.java_client.remote.AppiumCommandExecutor.execute(AppiumCommandExecutor.java:69)
	... 31 more
Caused by: java.net.ConnectException: Connection refused (Connection refused)
	at java.net.PlainSocketImpl.socketConnect(Native Method)
	at java.net.AbstractPlainSocketImpl.doConnect(AbstractPlainSocketImpl.java:350)
	at java.net.AbstractPlainSocketImpl.connectToAddress(AbstractPlainSocketImpl.java:206)
	at java.net.AbstractPlainSocketImpl.connect(AbstractPlainSocketImpl.java:188)
	at java.net.SocksSocketImpl.connect(SocksSocketImpl.java:392)
	at java.net.Socket.connect(Socket.java:589)
	at org.apache.http.conn.socket.PlainConnectionSocketFactory.connectSocket(PlainConnectionSocketFactory.java:74)
	at org.apache.http.impl.conn.DefaultHttpClientConnectionOperator.connect(DefaultHttpClientConnectionOperator.java:141)
	... 44 more
]]>
                        </full-stacktrace>
                    </exception> <!-- org.openqa.selenium.remote.UnreachableBrowserException -->
                    <reporter-output>
                        <line>
                            <![CDATA[2017-01-29 14:32:46,736 [Forwarding newSession on session null to remote] DEBUG (RequestAddCookies.java:122)  - CookieSpec selected: default
]]>
                        </line>
                        <line>
                            <![CDATA[2017-01-29 14:32:46,746 [Forwarding newSession on session null to remote] DEBUG (RequestAuthCache.java:76)  - Auth cache not set in the context
]]>
                        </line>
                        <line>
                            <![CDATA[2017-01-29 14:32:46,748 [Forwarding newSession on session null to remote] DEBUG (PoolingHttpClientConnectionManager.java:249)  - Connection request: [route: {}->http://127.0.0.1:4723][total kept alive: 0; route allocated: 0 of 2000; total allocated: 0 of 2000]
]]>
                        </line>
                        <line>
                            <![CDATA[2017-01-29 14:32:46,760 [Forwarding newSession on session null to remote] DEBUG (PoolingHttpClientConnectionManager.java:282)  - Connection leased: [id: 0][route: {}->http://127.0.0.1:4723][total kept alive: 0; route allocated: 1 of 2000; total allocated: 1 of 2000]
]]>
                        </line>
                        <line>
                            <![CDATA[2017-01-29 14:32:46,762 [Forwarding newSession on session null to remote] DEBUG (MainClientExec.java:234)  - Opening connection {}->http://127.0.0.1:4723
]]>
                        </line>
                        <line>
                            <![CDATA[2017-01-29 14:32:46,766 [Forwarding newSession on session null to remote] DEBUG (DefaultHttpClientConnectionOperator.java:138)  - Connecting to /127.0.0.1:4723
]]>
                        </line>
                        <line>
                            <![CDATA[2017-01-29 14:32:46,767 [Forwarding newSession on session null to remote] DEBUG (DefaultHttpClientConnectionOperator.java:145)  - Connection established 127.0.0.1:63474<->127.0.0.1:4723
]]>
                        </line>
                        <line>
                            <![CDATA[2017-01-29 14:32:46,768 [Forwarding newSession on session null to remote] DEBUG (LoggingManagedHttpClientConnection.java:90)  - http-outgoing-0: set socket timeout to 10800000
]]>
                        </line>
                        <line>
                            <![CDATA[2017-01-29 14:32:46,768 [Forwarding newSession on session null to remote] DEBUG (MainClientExec.java:255)  - Executing request POST /wd/hub/session HTTP/1.1
]]>
                        </line>
                        <line>
                            <![CDATA[2017-01-29 14:32:46,768 [Forwarding newSession on session null to remote] DEBUG (MainClientExec.java:260)  - Target auth state: UNCHALLENGED
]]>
                        </line>
                        <line>
                            <![CDATA[2017-01-29 14:32:46,769 [Forwarding newSession on session null to remote] DEBUG (MainClientExec.java:266)  - Proxy auth state: UNCHALLENGED
]]>
                        </line>
                        <line>
                            <![CDATA[2017-01-29 14:32:46,772 [Forwarding newSession on session null to remote] DEBUG (LoggingManagedHttpClientConnection.java:135)  - http-outgoing-0 >> POST /wd/hub/session HTTP/1.1
]]>
                        </line>
                        <line>
                            <![CDATA[2017-01-29 14:32:46,773 [Forwarding newSession on session null to remote] DEBUG (LoggingManagedHttpClientConnection.java:138)  - http-outgoing-0 >> Content-Type: application/json; charset=utf-8
]]>
                        </line>
                        <line>
                            <![CDATA[2017-01-29 14:32:46,774 [Forwarding newSession on session null to remote] DEBUG (LoggingManagedHttpClientConnection.java:138)  - http-outgoing-0 >> Content-Length: 144
]]>
                        </line>
                        <line>
                            <![CDATA[2017-01-29 14:32:46,774 [Forwarding newSession on session null to remote] DEBUG (LoggingManagedHttpClientConnection.java:138)  - http-outgoing-0 >> Host: 127.0.0.1:4723
]]>
                        </line>
                        <line>
                            <![CDATA[2017-01-29 14:32:46,775 [Forwarding newSession on session null to remote] DEBUG (LoggingManagedHttpClientConnection.java:138)  - http-outgoing-0 >> Connection: Keep-Alive
]]>
                        </line>
                        <line>
                            <![CDATA[2017-01-29 14:32:46,776 [Forwarding newSession on session null to remote] DEBUG (LoggingManagedHttpClientConnection.java:138)  - http-outgoing-0 >> User-Agent: Apache-HttpClient/4.5.2 (Java/1.8.0_111)
]]>
                        </line>
                        <line>
                            <![CDATA[2017-01-29 14:32:46,776 [Forwarding newSession on session null to remote] DEBUG (LoggingManagedHttpClientConnection.java:138)  - http-outgoing-0 >> Accept-Encoding: gzip,deflate
]]>
                        </line>
                        <line>
                            <![CDATA[2017-01-29 14:32:46,777 [Forwarding newSession on session null to remote] DEBUG (Wire.java:72)  - http-outgoing-0 >> "POST /wd/hub/session HTTP/1.1[\r][\n]"
]]>
                        </line>
                        <line>
                            <![CDATA[2017-01-29 14:32:46,777 [Forwarding newSession on session null to remote] DEBUG (Wire.java:72)  - http-outgoing-0 >> "Content-Type: application/json; charset=utf-8[\r][\n]"
]]>
                        </line>
                        <line>
                            <![CDATA[2017-01-29 14:32:46,777 [Forwarding newSession on session null to remote] DEBUG (Wire.java:72)  - http-outgoing-0 >> "Content-Length: 144[\r][\n]"
]]>
                        </line>
                        <line>
                            <![CDATA[2017-01-29 14:32:46,777 [Forwarding newSession on session null to remote] DEBUG (Wire.java:72)  - http-outgoing-0 >> "Host: 127.0.0.1:4723[\r][\n]"
]]>
                        </line>
                        <line>
                            <![CDATA[2017-01-29 14:32:46,778 [Forwarding newSession on session null to remote] DEBUG (Wire.java:72)  - http-outgoing-0 >> "Connection: Keep-Alive[\r][\n]"
]]>
                        </line>
                        <line>
                            <![CDATA[2017-01-29 14:32:46,778 [Forwarding newSession on session null to remote] DEBUG (Wire.java:72)  - http-outgoing-0 >> "User-Agent: Apache-HttpClient/4.5.2 (Java/1.8.0_111)[\r][\n]"
]]>
                        </line>
                        <line>
                            <![CDATA[2017-01-29 14:32:46,778 [Forwarding newSession on session null to remote] DEBUG (Wire.java:72)  - http-outgoing-0 >> "Accept-Encoding: gzip,deflate[\r][\n]"
]]>
                        </line>
                        <line>
                            <![CDATA[2017-01-29 14:32:46,779 [Forwarding newSession on session null to remote] DEBUG (Wire.java:72)  - http-outgoing-0 >> "[\r][\n]"
]]>
                        </line>
                        <line>
                            <![CDATA[2017-01-29 14:32:46,779 [Forwarding newSession on session null to remote] DEBUG (Wire.java:86)  - http-outgoing-0 >> "{"desiredCapabilities":{"browserName":"chrome","platformName":"Android","version":"6.0.1","deviceName":"1115fb45a8c01303","platform":"ANDROID"}}"
]]>
                        </line>
                        <line>
                            <![CDATA[2017-01-29 14:33:38,233 [Forwarding newSession on session null to remote] DEBUG (Wire.java:86)  - http-outgoing-0 << "end of stream"
]]>
                        </line>
                        <line>
                            <![CDATA[2017-01-29 14:33:38,234 [Forwarding newSession on session null to remote] DEBUG (LoggingManagedHttpClientConnection.java:81)  - http-outgoing-0: Close connection
]]>
                        </line>
                        <line>
                            <![CDATA[2017-01-29 14:33:38,235 [Forwarding newSession on session null to remote] DEBUG (LoggingManagedHttpClientConnection.java:98)  - http-outgoing-0: Shutdown connection
]]>
                        </line>
                        <line>
                            <![CDATA[2017-01-29 14:33:38,235 [Forwarding newSession on session null to remote] DEBUG (ConnectionHolder.java:128)  - Connection discarded
]]>
                        </line>
                        <line>
                            <![CDATA[2017-01-29 14:33:38,235 [Forwarding newSession on session null to remote] DEBUG (PoolingHttpClientConnectionManager.java:320)  - Connection released: [id: 0][route: {}->http://127.0.0.1:4723][total kept alive: 0; route allocated: 0 of 2000; total allocated: 0 of 2000]
]]>
                        </line>
                        <line>
                            <![CDATA[2017-01-29 14:33:40,240 [Forwarding newSession on session null to remote] DEBUG (RequestAddCookies.java:122)  - CookieSpec selected: default
]]>
                        </line>
                        <line>
                            <![CDATA[2017-01-29 14:33:40,240 [Forwarding newSession on session null to remote] DEBUG (RequestAuthCache.java:76)  - Auth cache not set in the context
]]>
                        </line>
                        <line>
                            <![CDATA[2017-01-29 14:33:40,241 [Forwarding newSession on session null to remote] DEBUG (PoolingHttpClientConnectionManager.java:249)  - Connection request: [route: {}->http://127.0.0.1:4723][total kept alive: 0; route allocated: 0 of 2000; total allocated: 0 of 2000]
]]>
                        </line>
                        <line>
                            <![CDATA[2017-01-29 14:33:40,241 [Forwarding newSession on session null to remote] DEBUG (PoolingHttpClientConnectionManager.java:282)  - Connection leased: [id: 1][route: {}->http://127.0.0.1:4723][total kept alive: 0; route allocated: 1 of 2000; total allocated: 1 of 2000]
]]>
                        </line>
                        <line>
                            <![CDATA[2017-01-29 14:33:40,241 [Forwarding newSession on session null to remote] DEBUG (MainClientExec.java:234)  - Opening connection {}->http://127.0.0.1:4723
]]>
                        </line>
                        <line>
                            <![CDATA[2017-01-29 14:33:40,241 [Forwarding newSession on session null to remote] DEBUG (DefaultHttpClientConnectionOperator.java:138)  - Connecting to /127.0.0.1:4723
]]>
                        </line>
                        <line>
                            <![CDATA[2017-01-29 14:33:40,242 [Forwarding newSession on session null to remote] DEBUG (LoggingManagedHttpClientConnection.java:98)  - http-outgoing-1: Shutdown connection
]]>
                        </line>
                        <line>
                            <![CDATA[2017-01-29 14:33:40,242 [Forwarding newSession on session null to remote] DEBUG (ConnectionHolder.java:128)  - Connection discarded
]]>
                        </line>
                        <line>
                            <![CDATA[2017-01-29 14:33:40,242 [Forwarding newSession on session null to remote] DEBUG (PoolingHttpClientConnectionManager.java:320)  - Connection released: [id: 1][route: {}->http://127.0.0.1:4723][total kept alive: 0; route allocated: 0 of 2000; total allocated: 0 of 2000]
]]>
                        </line>
                    </reporter-output>
                </test-method> <!-- setup -->
                <test-method status="SKIP"
                             signature="testInvalidPasswordScenario(java.util.Map)[pri:0, instance:com.peoplematter.tests.LoginTest@4de5031f]"
                             name="testInvalidPasswordScenario" duration-ms="2" started-at="2017-01-29T14:33:40Z"
                             data-provider="excel" finished-at="2017-01-29T14:33:40Z">
                    <params>
                        <param index="0">
                            <value>
                                <![CDATA[{=, data={"userName":"qa@mobile.com","password":"Wrongpassword"}}]]>
                            </value>
                        </param>
                    </params>
                    <reporter-output>
                    </reporter-output>
                </test-method> <!-- testInvalidPasswordScenario -->
            </class> <!-- com.peoplematter.tests.LoginTest -->
        </test> <!-- Default test -->
    </suite> <!-- Default suite -->
</testng-results>
